
Showing logs for build [32mcb-kubecd-environment-pr-187-19-pdkzj-1[0m stage [32mfrom-build-pack[0m and container [32mstep-credential-initializer-xwqvt[0m
{"level":"warn","ts":1585110564.6238399,"logger":"fallback-logger","caller":"logging/config.go:69","msg":"Fetch GitHub commit ID from kodata failed: \"ref: refs/heads/0.8.0-**-support-backwards-incompats\" is not a valid GitHub commit ID"}
{"level":"info","ts":1585110564.6247954,"logger":"fallback-logger","caller":"creds-init/main.go:40","msg":"Credentials initialized."}

Showing logs for build [32mcb-kubecd-environment-pr-187-19-pdkzj-1[0m stage [32mfrom-build-pack[0m and container [32mstep-working-dir-initializer-98t6x[0m
{"level":"warn","ts":1585110565.7003875,"logger":"fallback-logger","caller":"logging/config.go:69","msg":"Fetch GitHub commit ID from kodata failed: open /var/run/ko/HEAD: no such file or directory"}
{"level":"info","ts":1585110565.7018743,"logger":"fallback-logger","caller":"bash/main.go:64","msg":"Successfully executed command \"sh -c mkdir -p /workspace/source\"; output "}

Showing logs for build [32mcb-kubecd-environment-pr-187-19-pdkzj-1[0m stage [32mfrom-build-pack[0m and container [32mstep-place-tools[0m

Showing logs for build [32mcb-kubecd-environment-pr-187-19-pdkzj-1[0m stage [32mfrom-build-pack[0m and container [32mstep-git-source-cb-kubecd-environment-pr-187-19-pdkzj-cb86x[0m
{"level":"warn","ts":1585110570.923995,"logger":"fallback-logger","caller":"logging/config.go:69","msg":"Fetch GitHub commit ID from kodata failed: \"ref: refs/heads/0.8.0-**-support-backwards-incompats\" is not a valid GitHub commit ID"}
{"level":"info","ts":1585110571.9964128,"logger":"fallback-logger","caller":"git/git.go:103","msg":"Successfully cloned https://github.com/cb-kubecd/environment-pr-187-199-boot-gke-staging.git @ master in path /workspace/source"}

Showing logs for build [32mcb-kubecd-environment-pr-187-19-pdkzj-1[0m stage [32mfrom-build-pack[0m and container [32mstep-git-merge[0m
Using SHAs from PULL_REFS=master:cd06cd105c956d6690b44c6b16b970e7b63dfe7c,1:f28949ca9b65fbb10f426176bef7323c02ed36c2
DEBUG: LC_ALL=C JX_LOG_LEVEL=error git fetch origin --unshallow f28949ca9b65fbb10f426176bef7323c02ed36c2: cd06cd105c956d6690b44c6b16b970e7b63dfe7c:
DEBUG: ran git fetch --unshallow origin f28949ca9b65fbb10f426176bef7323c02ed36c2: cd06cd105c956d6690b44c6b16b970e7b63dfe7c: in 
DEBUG: JX_LOG_LEVEL=error LC_ALL=C git branch
DEBUG: LC_ALL=C JX_LOG_LEVEL=error git checkout master
DEBUG: ran git checkout master in 
DEBUG: LC_ALL=C JX_LOG_LEVEL=error git reset --hard cd06cd105c956d6690b44c6b16b970e7b63dfe7c
DEBUG: ran git reset --hard cd06cd105c956d6690b44c6b16b970e7b63dfe7c in 
DEBUG: LC_ALL=C JX_LOG_LEVEL=error git clean -fd .
DEBUG: ran clean --force -d . in 
DEBUG: LC_ALL=C JX_LOG_LEVEL=error git merge f28949ca9b65fbb10f426176bef7323c02ed36c2
DEBUG: ran git merge f28949ca9b65fbb10f426176bef7323c02ed36c2 in 
DEBUG: LC_ALL=C JX_LOG_LEVEL=error git log --format=%H%x1f%an%x1f%ae%x1f%cn%x1f%ce%x1f%s%n%b%x1e cd06cd105c956d6690b44c6b16b970e7b63dfe7c..HEAD
Merged SHA f28949ca9b65fbb10f426176bef7323c02ed36c2 with commit message 'chore: Promote bdd-spring-1585110257 to version 0.0.1' into base branch master

Showing logs for build [32mcb-kubecd-environment-pr-187-19-pdkzj-1[0m stage [32mfrom-build-pack[0m and container [32mstep-build-helm-build[0m
WARNING: No $CHART_REPOSITORY defined so using the default value of: http://jenkins-x-chartmuseum:8080
Adding missing Helm repo: storage.googleapis.com https://storage.googleapis.com/chartmuseum.jenkins-x.io
WARNING: No secrets found on "helm/repos" due: reading the secret "helm/repos" from vault: no secret "helm/repos" not found in vault
Read credentials for https://storage.googleapis.com/chartmuseum.jenkins-x.io from vault helm/repos
Successfully added Helm repository storage.googleapis.com.
Adding missing Helm repo: jenkins-x-chartmuseum http://jenkins-x-chartmuseum:8080
WARNING: No secrets found on "helm/repos" due: reading the secret "helm/repos" from vault: no secret "helm/repos" not found in vault
Read credentials for http://jenkins-x-chartmuseum:8080 from vault helm/repos
Successfully added Helm repository jenkins-x-chartmuseum.
WARNING: No $CHART_REPOSITORY defined so using the default value of: http://jenkins-x-chartmuseum:8080
Adding missing Helm repo: chartmuseum.jenkins-x.io http://chartmuseum.jenkins-x.io
WARNING: No secrets found on "helm/repos" due: reading the secret "helm/repos" from vault: no secret "helm/repos" not found in vault
Read credentials for http://chartmuseum.jenkins-x.io from vault helm/repos
Successfully added Helm repository chartmuseum.jenkins-x.io.
